<?xml version="1.0" encoding="UTF-8"?>
<testng-results ignored="0" total="1" passed="1" failed="0" skipped="0">
  <reporter-output>
  </reporter-output>
  <suite started-at="2023-06-09T14:22:35 IST" name="Default suite" finished-at="2023-06-09T14:22:48 IST" duration-ms="13028">
    <groups>
    </groups>
    <test started-at="2023-06-09T14:22:35 IST" name="Default test" finished-at="2023-06-09T14:22:48 IST" duration-ms="13028">
      <class name="FirstPrgm">
        <test-method is-config="true" signature="setup()[pri:0, instance:FirstPrgm@5a45133e]" started-at="2023-06-09T14:22:35 IST" name="setup" finished-at="2023-06-09T14:22:43 IST" duration-ms="7952" status="PASS">
          <reporter-output>
          </reporter-output>
        </test-method> <!-- setup -->
        <test-method signature="test()[pri:0, instance:FirstPrgm@5a45133e]" started-at="2023-06-09T14:22:43 IST" name="test" finished-at="2023-06-09T14:22:48 IST" duration-ms="4958" status="PASS">
          <reporter-output>
          </reporter-output>
        </test-method> <!-- test -->
      </class> <!-- FirstPrgm -->
    </test> <!-- Default test -->
  </suite> <!-- Default suite -->
</testng-results>
